# JRE version: Java(TM) SE Runtime Environment (8.0_25-b18) (build 1.8.0_25-b18)
# Java VM: Java HotSpot(TM) 64-Bit Server VM (25.25-b02 mixed mode windows-amd64 compressed oops)
Heap:
 def new generation   total 63872K, used 35971K [0x00000000c0000000, 0x00000000c4540000, 0x00000000d5550000)
  eden space 56832K,  52% used [0x00000000c0000000, 0x00000000c1cf88b8, 0x00000000c3780000)
  from space 7040K,  89% used [0x00000000c3780000, 0x00000000c3da8608, 0x00000000c3e60000)
  to   space 7040K,   0% used [0x00000000c3e60000, 0x00000000c3e60000, 0x00000000c4540000)
 tenured generation   total 141624K, used 101518K [0x00000000d5550000, 0x00000000ddf9e000, 0x0000000100000000)
   the space 141624K,  71% used [0x00000000d5550000, 0x00000000db873a70, 0x00000000db873c00, 0x00000000ddf9e000)
 Metaspace       used 70226K, capacity 75120K, committed 75264K, reserved 1114112K
  class space    used 9739K, capacity 11488K, committed 11520K, reserved 1048576K
GC Heap History (10 events):
Event: 708.003 GC heap before
{Heap before GC invocations=60 (full 5):
 def new generation   total 46784K, used 26397K [0x00000000c0000000, 0x00000000c32c0000, 0x00000000d5550000)
  eden space 41600K,  50% used [0x00000000c0000000, 0x00000000c14b7400, 0x00000000c28a0000)
  from space 5184K, 100% used [0x00000000c28a0000, 0x00000000c2db0000, 0x00000000c2db0000)
  to   space 5184K,   0% used [0x00000000c2db0000, 0x00000000c2db0000, 0x00000000c32c0000)
 tenured generation   total 103828K, used 83298K [0x00000000d5550000, 0x00000000dbab5000, 0x0000000100000000)
   the space 103828K,  80% used [0x00000000d5550000, 0x00000000da6a8b10, 0x00000000da6a8c00, 0x00000000dbab5000)
 Metaspace       used 63238K, capacity 67375K, committed 67584K, reserved 1105920K
  class space    used 8745K, capacity 10184K, committed 10240K, reserved 1048576K
Event: 708.656 GC heap after
Heap after GC invocations=61 (full 6):
 def new generation   total 63872K, used 0K [0x00000000c0000000, 0x00000000c4540000, 0x00000000d5550000)
  eden space 56832K,   0% used [0x00000000c0000000, 0x00000000c0000000, 0x00000000c3780000)
  from space 7040K,   0% used [0x00000000c3780000, 0x00000000c3780000, 0x00000000c3e60000)
  to   space 7040K,   0% used [0x00000000c3e60000, 0x00000000c3e60000, 0x00000000c4540000)
 tenured generation   total 141624K, used 84973K [0x00000000d5550000, 0x00000000ddf9e000, 0x0000000100000000)
   the space 141624K,  59% used [0x00000000d5550000, 0x00000000da84b7a8, 0x00000000da84b800, 0x00000000ddf9e000)
 Metaspace       used 63205K, capacity 67261K, committed 67584K, reserved 1105920K
  class space    used 8737K, capacity 10150K, committed 10240K, reserved 1048576K
}
Event: 727.343 GC heap before
{Heap before GC invocations=61 (full 6):
 def new generation   total 63872K, used 56832K [0x00000000c0000000, 0x00000000c4540000, 0x00000000d5550000)
  eden space 56832K, 100% used [0x00000000c0000000, 0x00000000c3780000, 0x00000000c3780000)
  from space 7040K,   0% used [0x00000000c3780000, 0x00000000c3780000, 0x00000000c3e60000)
  to   space 7040K,   0% used [0x00000000c3e60000, 0x00000000c3e60000, 0x00000000c4540000)
 tenured generation   total 141624K, used 84973K [0x00000000d5550000, 0x00000000ddf9e000, 0x0000000100000000)
   the space 141624K,  59% used [0x00000000d5550000, 0x00000000da84b7a8, 0x00000000da84b800, 0x00000000ddf9e000)
 Metaspace       used 63479K, capacity 67793K, committed 67968K, reserved 1107968K
  class space    used 8765K, capacity 10288K, committed 10368K, reserved 1048576K
Event: 727.358 GC heap after
Heap after GC invocations=62 (full 6):
 def new generation   total 63872K, used 2951K [0x00000000c0000000, 0x00000000c4540000, 0x00000000d5550000)
  eden space 56832K,   0% used [0x00000000c0000000, 0x00000000c0000000, 0x00000000c3780000)
  from space 7040K,  41% used [0x00000000c3e60000, 0x00000000c4141d08, 0x00000000c4540000)
  to   space 7040K,   0% used [0x00000000c3780000, 0x00000000c3780000, 0x00000000c3e60000)
 tenured generation   total 141624K, used 84973K [0x00000000d5550000, 0x00000000ddf9e000, 0x0000000100000000)
   the space 141624K,  59% used [0x00000000d5550000, 0x00000000da84b7a8, 0x00000000da84b800, 0x00000000ddf9e000)
 Metaspace       used 63479K, capacity 67793K, committed 67968K, reserved 1107968K
  class space    used 8765K, capacity 10288K, committed 10368K, reserved 1048576K
}
Event: 730.299 GC heap before
{Heap before GC invocations=62 (full 6):
 def new generation   total 63872K, used 59783K [0x00000000c0000000, 0x00000000c4540000, 0x00000000d5550000)
  eden space 56832K, 100% used [0x00000000c0000000, 0x00000000c3780000, 0x00000000c3780000)
  from space 7040K,  41% used [0x00000000c3e60000, 0x00000000c4141d08, 0x00000000c4540000)
  to   space 7040K,   0% used [0x00000000c3780000, 0x00000000c3780000, 0x00000000c3e60000)
 tenured generation   total 141624K, used 84973K [0x00000000d5550000, 0x00000000ddf9e000, 0x0000000100000000)
   the space 141624K,  59% used [0x00000000d5550000, 0x00000000da84b7a8, 0x00000000da84b800, 0x00000000ddf9e000)
 Metaspace       used 66487K, capacity 71145K, committed 71296K, reserved 1110016K
  class space    used 9158K, capacity 10799K, committed 10880K, reserved 1048576K
Event: 730.351 GC heap after
Heap after GC invocations=63 (full 6):
 def new generation   total 63872K, used 7040K [0x00000000c0000000, 0x00000000c4540000, 0x00000000d5550000)
  eden space 56832K,   0% used [0x00000000c0000000, 0x00000000c0000000, 0x00000000c3780000)
  from space 7040K, 100% used [0x00000000c3780000, 0x00000000c3e60000, 0x00000000c3e60000)
  to   space 7040K,   0% used [0x00000000c3e60000, 0x00000000c3e60000, 0x00000000c4540000)
 tenured generation   total 141624K, used 88088K [0x00000000d5550000, 0x00000000ddf9e000, 0x0000000100000000)
   the space 141624K,  62% used [0x00000000d5550000, 0x00000000dab560e0, 0x00000000dab56200, 0x00000000ddf9e000)
 Metaspace       used 66487K, capacity 71145K, committed 71296K, reserved 1110016K
  class space    used 9158K, capacity 10799K, committed 10880K, reserved 1048576K
}
Event: 739.060 GC heap before
{Heap before GC invocations=63 (full 6):
 def new generation   total 63872K, used 63872K [0x00000000c0000000, 0x00000000c4540000, 0x00000000d5550000)
  eden space 56832K, 100% used [0x00000000c0000000, 0x00000000c3780000, 0x00000000c3780000)
  from space 7040K, 100% used [0x00000000c3780000, 0x00000000c3e60000, 0x00000000c3e60000)
  to   space 7040K,   0% used [0x00000000c3e60000, 0x00000000c3e60000, 0x00000000c4540000)
 tenured generation   total 141624K, used 88088K [0x00000000d5550000, 0x00000000ddf9e000, 0x0000000100000000)
   the space 141624K,  62% used [0x00000000d5550000, 0x00000000dab560e0, 0x00000000dab56200, 0x00000000ddf9e000)
 Metaspace       used 67909K, capacity 72745K, committed 72832K, reserved 1112064K
  class space    used 9403K, capacity 11114K, committed 11136K, reserved 1048576K
Event: 739.124 GC heap after
Heap after GC invocations=64 (full 6):
 def new generation   total 63872K, used 7040K [0x00000000c0000000, 0x00000000c4540000, 0x00000000d5550000)
  eden space 56832K,   0% used [0x00000000c0000000, 0x00000000c0000000, 0x00000000c3780000)
  from space 7040K, 100% used [0x00000000c3e60000, 0x00000000c4540000, 0x00000000c4540000)
  to   space 7040K,   0% used [0x00000000c3780000, 0x00000000c3780000, 0x00000000c3e60000)
 tenured generation   total 141624K, used 95125K [0x00000000d5550000, 0x00000000ddf9e000, 0x0000000100000000)
   the space 141624K,  67% used [0x00000000d5550000, 0x00000000db235600, 0x00000000db235600, 0x00000000ddf9e000)
 Metaspace       used 67909K, capacity 72745K, committed 72832K, reserved 1112064K
  class space    used 9403K, capacity 11114K, committed 11136K, reserved 1048576K
}
Event: 750.432 GC heap before
{Heap before GC invocations=64 (full 6):
 def new generation   total 63872K, used 63872K [0x00000000c0000000, 0x00000000c4540000, 0x00000000d5550000)
  eden space 56832K, 100% used [0x00000000c0000000, 0x00000000c3780000, 0x00000000c3780000)
  from space 7040K, 100% used [0x00000000c3e60000, 0x00000000c4540000, 0x00000000c4540000)
  to   space 7040K,   0% used [0x00000000c3780000, 0x00000000c3780000, 0x00000000c3e60000)
 tenured generation   total 141624K, used 95125K [0x00000000d5550000, 0x00000000ddf9e000, 0x0000000100000000)
   the space 141624K,  67% used [0x00000000d5550000, 0x00000000db235600, 0x00000000db235600, 0x00000000ddf9e000)
 Metaspace       used 69710K, capacity 74556K, committed 74752K, reserved 1112064K
  class space    used 9693K, capacity 11409K, committed 11520K, reserved 1048576K
Event: 750.479 GC heap after
Heap after GC invocations=65 (full 6):
 def new generation   total 63872K, used 6305K [0x00000000c0000000, 0x00000000c4540000, 0x00000000d5550000)
  eden space 56832K,   0% used [0x00000000c0000000, 0x00000000c0000000, 0x00000000c3780000)
  from space 7040K,  89% used [0x00000000c3780000, 0x00000000c3da8608, 0x00000000c3e60000)
  to   space 7040K,   0% used [0x00000000c3e60000, 0x00000000c3e60000, 0x00000000c4540000)
 tenured generation   total 141624K, used 101518K [0x00000000d5550000, 0x00000000ddf9e000, 0x0000000100000000)
   the space 141624K,  71% used [0x00000000d5550000, 0x00000000db873a70, 0x00000000db873c00, 0x00000000ddf9e000)
 Metaspace       used 69710K, capacity 74556K, committed 74752K, reserved 1112064K
  class space    used 9693K, capacity 11409K, committed 11520K, reserved 1048576K
}

